<?xml version="1.0" encoding="UTF-8"?>
<testng-results skipped="0" failed="0" ignored="0" total="1" passed="1">
  <reporter-output>
  </reporter-output>
  <suite name="MavenProject" duration-ms="35736" started-at="2020-02-12T21:33:02Z" finished-at="2020-02-12T21:33:38Z">
    <groups>
    </groups>
    <test name="Regression" duration-ms="35736" started-at="2020-02-12T21:33:02Z" finished-at="2020-02-12T21:33:38Z">
      <class name="module11.editPhoto">
        <test-method status="PASS" signature="beforeTest()[pri:0, instance:module11.editPhoto@3c87521]" name="beforeTest" is-config="true" duration-ms="17606" started-at="2020-02-12T21:33:02Z" finished-at="2020-02-12T21:33:20Z">
          <reporter-output>
          </reporter-output>
        </test-method> <!-- beforeTest -->
        <test-method status="PASS" signature="Login()[pri:0, instance:module11.editPhoto@3c87521]" name="Login" duration-ms="18088" started-at="2020-02-12T21:33:20Z" finished-at="2020-02-12T21:33:38Z">
          <reporter-output>
          </reporter-output>
        </test-method> <!-- Login -->
      </class> <!-- module11.editPhoto -->
    </test> <!-- Regression -->
  </suite> <!-- MavenProject -->
</testng-results>
